<?xml version="1.0" encoding="UTF-8"?>
<testsuite xmlns:xsi="http://www.w3.org/2001/XMLSchema-instance" xsi:noNamespaceSchemaLocation="https://maven.apache.org/surefire/maven-surefire-plugin/xsd/surefire-test-report.xsd" version="3.0.2" name="TestSuite" time="14.757" tests="2" errors="0" skipped="0" failures="0" flakes="0">
  <properties>
[...]
</properties>
  <testcase name="verifyAccountRegestration" classname="testCases.TC001_AccountRegistrationTest" time="2.197">
    <system-out><![CDATA[14:54:34.380 [main] DEBUG org.testng.TestNG - suiteXmlPath: "C:\IT softwares\ECLIPSE\eclipse-jee-2024-12-R-win32-x86_64\eclipse\eclipse workspace stored here\hybrid_automation\master.xml"
14:54:38.061 [main] INFO  testCases.TC001_AccountRegistrationTest - **********Starting TC001_AccountRegistrationTest**********
14:54:38.241 [main] INFO  testCases.TC001_AccountRegistrationTest - .......Clicked myAccount.....
14:54:38.716 [main] INFO  testCases.TC001_AccountRegistrationTest - .......Clicked Registration......
14:54:38.720 [main] INFO  testCases.TC001_AccountRegistrationTest - ......Providing Regestration Detail........
14:54:40.208 [main] INFO  testCases.TC001_AccountRegistrationTest - Validating expected msg....
14:54:40.256 [main] INFO  testCases.TC001_AccountRegistrationTest - .....Finished TC001_AccountRegistrationTest.......
]]></system-out>
    <system-err><![CDATA[2026-05-09T09:24:34.350257100Z main INFO Starting configuration XmlConfiguration[location=C:\IT softwares\ECLIPSE\eclipse-jee-2024-12-R-win32-x86_64\eclipse\eclipse workspace stored here\hybrid_automation\target\test-classes\log4j2.xml, lastModified=2026-05-09T09:24:31.940Z]...
2026-05-09T09:24:34.351220500Z main INFO Configuration XmlConfiguration[location=C:\IT softwares\ECLIPSE\eclipse-jee-2024-12-R-win32-x86_64\eclipse\eclipse workspace stored here\hybrid_automation\target\test-classes\log4j2.xml, lastModified=2026-05-09T09:24:31.940Z] started.
2026-05-09T09:24:34.353259800Z main INFO Stopping configuration org.apache.logging.log4j.core.config.DefaultConfiguration@3ba9ad43...
2026-05-09T09:24:34.354223300Z main INFO Configuration org.apache.logging.log4j.core.config.DefaultConfiguration@3ba9ad43 stopped.
May 09, 2026 2:54:36 PM org.openqa.selenium.devtools.CdpVersionFinder findNearestMatch
WARNING: Unable to find an exact match for CDP version 148, returning the closest version; found: 147; Please update to a Selenium version that supports CDP version 148
]]></system-err>
  </testcase>
  <testcase name="verifyLoginTest" classname="testCases.TC002_LoginTest" time="1.58">
    <system-out><![CDATA[14:54:42.094 [main] INFO  testCases.TC002_LoginTest -  *********** Stating TC002_LoginTest ************ 
14:54:43.670 [main] INFO  testCases.TC002_LoginTest - ************ Finished TC002_LoginTest ************** 
]]></system-out>
    <system-err><![CDATA[May 09, 2026 2:54:41 PM org.openqa.selenium.devtools.CdpVersionFinder findNearestMatch
WARNING: Unable to find an exact match for CDP version 148, returning the closest version; found: 147; Please update to a Selenium version that supports CDP version 148
]]></system-err>
  </testcase>
</testsuite>