<?xml version="1.0" encoding="UTF-8"?>
<!-- Generated by org.testng.reporters.JUnitReportReporter -->
<testsuite hostname="DESKTOP-O11RCUT" failures="0" tests="2" name="testCases.TC001_AccountRegistrationTest" time="8.637" errors="0" timestamp="2026-05-08T20:57:39 IST" skipped="0">
  <testcase classname="testCases.TC001_AccountRegistrationTest" name="verifyAccountRegestration" time="4.841"/>
  <testcase classname="testCases.TC001_AccountRegistrationTest" name="verifyAccountRegestration" time="3.796"/>
</testsuite> <!-- testCases.TC001_AccountRegistrationTest -->
